#-----------------------------------------------------------
# Vivado v2020.2 (64-bit)
# SW Build 3064766 on Wed Nov 18 09:12:45 MST 2020
# IP Build 3064653 on Wed Nov 18 14:17:31 MST 2020
# Start of session at: Tue May  4 12:49:30 2021
# Process ID: 11320
# Current directory: C:/Users/alexa/Documents/alexander-bekec/Digital-electronics-1/Project/DE1_project_code_lock
# Command line: vivado.exe -gui_launcher_event rodinguilauncherevent20264 C:\Users\alexa\Documents\alexander-bekec\Digital-electronics-1\Project\DE1_project_code_lock\DE1_project_code_lock.xpr
# Log file: C:/Users/alexa/Documents/alexander-bekec/Digital-electronics-1/Project/DE1_project_code_lock/vivado.log
# Journal file: C:/Users/alexa/Documents/alexander-bekec/Digital-electronics-1/Project/DE1_project_code_lock\vivado.jou
#-----------------------------------------------------------
start_gui
open_project C:/Users/alexa/Documents/alexander-bekec/Digital-electronics-1/Project/DE1_project_code_lock/DE1_project_code_lock.xpr
INFO: [ProjectBase 1-489] The host OS only allows 260 characters in a normal path. The project is stored in a path with more than 80 characters. If you experience issues with IP, Block Designs, or files not being found, please consider moving the project to a location with a shorter path. Alternately consider using the OS subst command to map part of the path to a drive letter.
Current project path is 'C:/Users/alexa/Documents/alexander-bekec/Digital-electronics-1/Project/DE1_project_code_lock'
INFO: [Project 1-313] Project file moved from 'C:/Users/Syn/Documents/xbarto0c/Digital-electronics-1/Labs/Project_code_lock/DE1_project_code_lock' since last save.
WARNING: [filemgmt 56-2] Board Part Repository Path: Could not find the directory 'C:/Users/AppData/Roaming/Xilinx/Vivado/2020.2/xhub/board_store/xilinx_board_store', nor could it be found using path 'C:/Users/Syn/AppData/Roaming/Xilinx/Vivado/2020.2/xhub/board_store/xilinx_board_store'.
WARNING: [filemgmt 56-2] Default IP Output Path : Could not find the directory 'C:/Users/alexa/Documents/alexander-bekec/Digital-electronics-1/Project/DE1_project_code_lock/DE1_project_code_lock.gen/sources_1', nor could it be found using path 'C:/Users/Syn/Documents/xbarto0c/Digital-electronics-1/Labs/Project_code_lock/DE1_project_code_lock/DE1_project_code_lock.gen/sources_1'.
Scanning sources...
Finished scanning sources
INFO: [IP_Flow 19-234] Refreshing IP repositories
INFO: [IP_Flow 19-1704] No user IP repositories specified
INFO: [IP_Flow 19-2313] Loaded Vivado IP repository 'D:/Install/Vivado/Vivado/2020.2/data/ip'.
open_project: Time (s): cpu = 00:00:14 ; elapsed = 00:00:18 . Memory (MB): peak = 1191.461 ; gain = 0.000
launch_simulation
Command: launch_simulation 
INFO: [Vivado 12-5682] Launching behavioral simulation in 'C:/Users/alexa/Documents/alexander-bekec/Digital-electronics-1/Project/DE1_project_code_lock/DE1_project_code_lock.sim/sim_1/behav/xsim'
INFO: [SIM-utils-51] Simulation object is 'sim_1'
INFO: [SIM-utils-54] Inspecting design source files for 'tb_top' in fileset 'sim_1'...
INFO: [USF-XSim-97] Finding global include files...
INFO: [USF-XSim-100] Fetching design files from 'sources_1'...(this may take a while)...
INFO: [USF-XSim-101] Fetching design files from 'sim_1'...
INFO: [USF-XSim-2] XSim::Compile design
INFO: [USF-XSim-61] Executing 'COMPILE and ANALYZE' step in 'C:/Users/alexa/Documents/alexander-bekec/Digital-electronics-1/Project/DE1_project_code_lock/DE1_project_code_lock.sim/sim_1/behav/xsim'
"xvhdl --incr --relax -prj tb_top_vhdl.prj"
INFO: [VRFC 10-163] Analyzing VHDL file "C:/Users/alexa/Documents/alexander-bekec/Digital-electronics-1/Project/DE1_project_code_lock/DE1_project_code_lock.srcs/sources_1/new/clock_divider.vhd" into library xil_defaultlib
INFO: [VRFC 10-3107] analyzing entity 'clock_divider'
INFO: [VRFC 10-163] Analyzing VHDL file "C:/Users/alexa/Documents/alexander-bekec/Digital-electronics-1/Project/DE1_project_code_lock/DE1_project_code_lock.srcs/sources_1/new/clock_enable.vhd" into library xil_defaultlib
INFO: [VRFC 10-3107] analyzing entity 'clock_enable'
INFO: [VRFC 10-163] Analyzing VHDL file "C:/Users/alexa/Documents/alexander-bekec/Digital-electronics-1/Project/DE1_project_code_lock/DE1_project_code_lock.srcs/sources_1/new/cnt_up_down.vhd" into library xil_defaultlib
INFO: [VRFC 10-3107] analyzing entity 'cnt_up_down'
INFO: [VRFC 10-163] Analyzing VHDL file "C:/Users/alexa/Documents/alexander-bekec/Digital-electronics-1/Project/DE1_project_code_lock/DE1_project_code_lock.srcs/sources_1/new/hex_7_seg.vhd" into library xil_defaultlib
INFO: [VRFC 10-3107] analyzing entity 'hex_7_seg'
INFO: [VRFC 10-163] Analyzing VHDL file "C:/Users/alexa/Documents/alexander-bekec/Digital-electronics-1/Project/DE1_project_code_lock/DE1_project_code_lock.srcs/sources_1/new/display_driver7seg_digit.vhd" into library xil_defaultlib
INFO: [VRFC 10-3107] analyzing entity 'driver_7seg_4digits'
INFO: [VRFC 10-163] Analyzing VHDL file "C:/Users/alexa/Documents/alexander-bekec/Digital-electronics-1/Project/DE1_project_code_lock/DE1_project_code_lock.srcs/sources_1/new/mux_2to1.vhd" into library xil_defaultlib
INFO: [VRFC 10-3107] analyzing entity 'mux_2to1'
INFO: [VRFC 10-163] Analyzing VHDL file "C:/Users/alexa/Documents/alexander-bekec/Digital-electronics-1/Project/DE1_project_code_lock/DE1_project_code_lock.srcs/sources_1/new/piezo_driver.vhd" into library xil_defaultlib
INFO: [VRFC 10-3107] analyzing entity 'piezo_driver'
INFO: [VRFC 10-163] Analyzing VHDL file "C:/Users/alexa/Documents/alexander-bekec/Digital-electronics-1/Project/DE1_project_code_lock/DE1_project_code_lock.srcs/sources_1/new/keyboard_decoder.vhd" into library xil_defaultlib
INFO: [VRFC 10-3107] analyzing entity 'keyboard_decoder'
INFO: [VRFC 10-163] Analyzing VHDL file "C:/Users/alexa/Documents/alexander-bekec/Digital-electronics-1/Project/DE1_project_code_lock/DE1_project_code_lock.srcs/sources_1/new/top.vhd" into library xil_defaultlib
INFO: [VRFC 10-3107] analyzing entity 'top'
INFO: [VRFC 10-163] Analyzing VHDL file "C:/Users/alexa/Documents/alexander-bekec/Digital-electronics-1/Project/DE1_project_code_lock/DE1_project_code_lock.srcs/sources_1/new/door_lock_core.vhd" into library xil_defaultlib
INFO: [VRFC 10-3107] analyzing entity 'door_lock_core'
INFO: [VRFC 10-163] Analyzing VHDL file "C:/Users/alexa/Documents/alexander-bekec/Digital-electronics-1/Project/DE1_project_code_lock/DE1_project_code_lock.srcs/sim_1/new/tb_door_lock_core.vhd" into library xil_defaultlib
INFO: [VRFC 10-3107] analyzing entity 'tb_door_lock_core'
INFO: [VRFC 10-163] Analyzing VHDL file "C:/Users/alexa/Documents/alexander-bekec/Digital-electronics-1/Project/DE1_project_code_lock/DE1_project_code_lock.srcs/sim_1/new/tb_keyboard_decoder.vhd" into library xil_defaultlib
INFO: [VRFC 10-3107] analyzing entity 'tb_keyboard_decoder'
INFO: [VRFC 10-163] Analyzing VHDL file "C:/Users/alexa/Documents/alexander-bekec/Digital-electronics-1/Project/DE1_project_code_lock/DE1_project_code_lock.srcs/sources_1/new/tb_piezo_driver.vhd" into library xil_defaultlib
INFO: [VRFC 10-3107] analyzing entity 'tb_piezo_driver'
INFO: [VRFC 10-163] Analyzing VHDL file "C:/Users/alexa/Documents/alexander-bekec/Digital-electronics-1/Project/DE1_project_code_lock/DE1_project_code_lock.srcs/sim_1/new/tb_driver_7seg_4digits.vhdl" into library xil_defaultlib
INFO: [VRFC 10-3107] analyzing entity 'tb_driver_7seg_4digits'
INFO: [VRFC 10-163] Analyzing VHDL file "C:/Users/alexa/Documents/alexander-bekec/Digital-electronics-1/Project/DE1_project_code_lock/DE1_project_code_lock.srcs/sim_1/new/tb_cnt_up_down.vhd" into library xil_defaultlib
INFO: [VRFC 10-3107] analyzing entity 'tb_cnt_up_down'
INFO: [VRFC 10-163] Analyzing VHDL file "C:/Users/alexa/Documents/alexander-bekec/Digital-electronics-1/Project/DE1_project_code_lock/DE1_project_code_lock.srcs/sim_1/new/tb_clock_enable.vhd" into library xil_defaultlib
INFO: [VRFC 10-3107] analyzing entity 'tb_clock_enable'
INFO: [VRFC 10-163] Analyzing VHDL file "C:/Users/alexa/Documents/alexander-bekec/Digital-electronics-1/Project/DE1_project_code_lock/DE1_project_code_lock.srcs/sim_1/new/tb_mux_2bit_4to1.vhd" into library xil_defaultlib
INFO: [VRFC 10-3107] analyzing entity 'tb_mux_2to1'
INFO: [VRFC 10-163] Analyzing VHDL file "C:/Users/alexa/Documents/alexander-bekec/Digital-electronics-1/Project/DE1_project_code_lock/DE1_project_code_lock.srcs/sim_1/new/tb_hex_7_seg.vhd" into library xil_defaultlib
INFO: [VRFC 10-3107] analyzing entity 'tb_hex_7_seg'
INFO: [VRFC 10-163] Analyzing VHDL file "C:/Users/alexa/Documents/alexander-bekec/Digital-electronics-1/Project/DE1_project_code_lock/DE1_project_code_lock.srcs/sim_1/new/tb_clock_divider.vhd" into library xil_defaultlib
INFO: [VRFC 10-3107] analyzing entity 'tb_clock_divider'
INFO: [VRFC 10-163] Analyzing VHDL file "C:/Users/alexa/Documents/alexander-bekec/Digital-electronics-1/Project/DE1_project_code_lock/DE1_project_code_lock.srcs/sim_1/new/tb_top.vhd" into library xil_defaultlib
INFO: [VRFC 10-3107] analyzing entity 'tb_top'
run_program: Time (s): cpu = 00:00:00 ; elapsed = 00:00:05 . Memory (MB): peak = 1191.461 ; gain = 0.000
INFO: [USF-XSim-69] 'compile' step finished in '5' seconds
INFO: [USF-XSim-3] XSim::Elaborate design
INFO: [USF-XSim-61] Executing 'ELABORATE' step in 'C:/Users/alexa/Documents/alexander-bekec/Digital-electronics-1/Project/DE1_project_code_lock/DE1_project_code_lock.sim/sim_1/behav/xsim'
"xelab -wto ea40e27c11504479b3fc12bc41875ea6 --incr --debug typical --relax --mt 2 -L xil_defaultlib -L secureip --snapshot tb_top_behav xil_defaultlib.tb_top -log elaborate.log"
Vivado Simulator 2020.2
Copyright 1986-1999, 2001-2020 Xilinx, Inc. All Rights Reserved.
Running: D:/Install/Vivado/Vivado/2020.2/bin/unwrapped/win64.o/xelab.exe -wto ea40e27c11504479b3fc12bc41875ea6 --incr --debug typical --relax --mt 2 -L xil_defaultlib -L secureip --snapshot tb_top_behav xil_defaultlib.tb_top -log elaborate.log 
Using 2 slave threads.
Starting static elaboration
Completed static elaboration
Starting simulation data flow analysis
Completed simulation data flow analysis
Time Resolution for simulation is 1ps
Compiling package std.standard
Compiling package std.textio
Compiling package ieee.std_logic_1164
Compiling package ieee.numeric_std
Compiling architecture behavioral of entity xil_defaultlib.clock_enable [\clock_enable(g_max=4)\]
Compiling architecture behavioral of entity xil_defaultlib.cnt_up_down [\cnt_up_down(g_cnt_width=2)\]
Compiling architecture behavioral of entity xil_defaultlib.hex_7_seg [hex_7_seg_default]
Compiling architecture behavioral of entity xil_defaultlib.driver_7seg_4digits [driver_7seg_4digits_default]
Compiling architecture behavioral of entity xil_defaultlib.clock_enable [\clock_enable(g_max=1)\]
Compiling architecture behavioral of entity xil_defaultlib.clock_divider [\clock_divider(g_cycles=2)\]
Compiling architecture behavioral of entity xil_defaultlib.clock_divider [\clock_divider(g_cycles=10)\]
Compiling architecture behavioral of entity xil_defaultlib.mux_2to1 [mux_2to1_default]
Compiling architecture behavioral of entity xil_defaultlib.piezo_driver [piezo_driver_default]
Compiling architecture behavioral of entity xil_defaultlib.door_lock_core [door_lock_core_default]
Compiling architecture behavioral of entity xil_defaultlib.keyboard_decoder [keyboard_decoder_default]
Compiling architecture behavioral of entity xil_defaultlib.top [top_default]
Compiling architecture testbench of entity xil_defaultlib.tb_top
Built simulation snapshot tb_top_behav
run_program: Time (s): cpu = 00:00:00 ; elapsed = 00:00:07 . Memory (MB): peak = 1191.461 ; gain = 0.000
INFO: [USF-XSim-69] 'elaborate' step finished in '7' seconds
INFO: [USF-XSim-4] XSim::Simulate design
INFO: [USF-XSim-61] Executing 'SIMULATE' step in 'C:/Users/alexa/Documents/alexander-bekec/Digital-electronics-1/Project/DE1_project_code_lock/DE1_project_code_lock.sim/sim_1/behav/xsim'
INFO: [USF-XSim-98] *** Running xsim
   with args "tb_top_behav -key {Behavioral:sim_1:Functional:tb_top} -tclbatch {tb_top.tcl} -log {simulate.log}"
INFO: [USF-XSim-8] Loading simulator feature
Vivado Simulator 2020.2
Time resolution is 1 ps
source tb_top.tcl
# set curr_wave [current_wave_config]
# if { [string length $curr_wave] == 0 } {
#   if { [llength [get_objects]] > 0} {
#     add_wave /
#     set_property needs_save false [current_wave_config]
#   } else {
#      send_msg_id Add_Wave-1 WARNING "No top level signals found. Simulator will start without a wave window. If you want to open a wave window go to 'File->New Waveform Configuration' or type 'create_wave_config' in the TCL console."
#   }
# }
# run 60us
Note: Stimulus process started
Time: 0 ps  Iteration: 0  Process: /tb_top/p_stimulus  File: C:/Users/alexa/Documents/alexander-bekec/Digital-electronics-1/Project/DE1_project_code_lock/DE1_project_code_lock.srcs/sim_1/new/tb_top.vhd
Note: Stimulus process finished
Time: 4550 ns  Iteration: 0  Process: /tb_top/p_stimulus  File: C:/Users/alexa/Documents/alexander-bekec/Digital-electronics-1/Project/DE1_project_code_lock/DE1_project_code_lock.srcs/sim_1/new/tb_top.vhd
INFO: [USF-XSim-96] XSim completed. Design snapshot 'tb_top_behav' loaded.
INFO: [USF-XSim-97] XSim simulation ran for 60us
launch_simulation: Time (s): cpu = 00:00:12 ; elapsed = 00:00:19 . Memory (MB): peak = 1191.461 ; gain = 0.000
open_hw_manager
close_hw_manager
close_sim
INFO: [Simtcl 6-16] Simulation closed
exit
INFO: [Common 17-206] Exiting Vivado at Tue May  4 13:36:20 2021...
